The system is: Windows - 10.0.18363 - AMD64
Compiling the C compiler identification source file "CMakeCCompilerId.c" succeeded.
Compiler: C:/Program Files (x86)/Microsoft Visual Studio/2019/BuildTools/VC/Tools/MSVC/14.25.28610/bin/Hostx64/x64/cl.exe 
Build flags: 
Id flags:  

The output was:
0
Microsoft (R) C/C++ Optimizing Compiler Version 19.25.28614 for x64
Copyright (C) Microsoft Corporation.  All rights reserved.

CMakeCCompilerId.c
Microsoft (R) Incremental Linker Version 14.25.28614.0
Copyright (C) Microsoft Corporation.  All rights reserved.

/out:CMakeCCompilerId.exe 
CMakeCCompilerId.obj 


Compilation of the C compiler identification source "CMakeCCompilerId.c" produced "CMakeCCompilerId.exe"

Compilation of the C compiler identification source "CMakeCCompilerId.c" produced "CMakeCCompilerId.obj"

The C compiler identification is MSVC, found in "C:/Users/yaros/Documents/uni/SSP_project/build/CMakeFiles/3.17.2/CompilerIdC/CMakeCCompilerId.exe"

Compiling the CXX compiler identification source file "CMakeCXXCompilerId.cpp" succeeded.
Compiler: C:/Program Files (x86)/Microsoft Visual Studio/2019/BuildTools/VC/Tools/MSVC/14.25.28610/bin/Hostx64/x64/cl.exe 
Build flags: 
Id flags:  

The output was:
0
Microsoft (R) C/C++ Optimizing Compiler Version 19.25.28614 for x64
Copyright (C) Microsoft Corporation.  All rights reserved.

CMakeCXXCompilerId.cpp
Microsoft (R) Incremental Linker Version 14.25.28614.0
Copyright (C) Microsoft Corporation.  All rights reserved.

/out:CMakeCXXCompilerId.exe 
CMakeCXXCompilerId.obj 


Compilation of the CXX compiler identification source "CMakeCXXCompilerId.cpp" produced "CMakeCXXCompilerId.exe"

Compilation of the CXX compiler identification source "CMakeCXXCompilerId.cpp" produced "CMakeCXXCompilerId.obj"

The CXX compiler identification is MSVC, found in "C:/Users/yaros/Documents/uni/SSP_project/build/CMakeFiles/3.17.2/CompilerIdCXX/CMakeCXXCompilerId.exe"

Determining if the C compiler works passed with the following output:
Change Dir: C:/Users/yaros/Documents/uni/SSP_project/build/CMakeFiles/CMakeTmp

Run Build Command(s):C:/PROGRA~2/MICROS~2/2019/BUILDT~1/Common7/IDE/COMMON~1/MICROS~1/CMake/Ninja/ninja.exe cmTC_8b975 && [1/2] Building C object CMakeFiles\cmTC_8b975.dir\testCCompiler.c.obj
[2/2] Linking C executable cmTC_8b975.exe



Detecting C compiler ABI info compiled with the following output:
Change Dir: C:/Users/yaros/Documents/uni/SSP_project/build/CMakeFiles/CMakeTmp

Run Build Command(s):C:/PROGRA~2/MICROS~2/2019/BUILDT~1/Common7/IDE/COMMON~1/MICROS~1/CMake/Ninja/ninja.exe cmTC_ce385 && [1/2] Building C object CMakeFiles\cmTC_ce385.dir\CMakeCCompilerABI.c.obj
[2/2] Linking C executable cmTC_ce385.exe



Determining if the CXX compiler works passed with the following output:
Change Dir: C:/Users/yaros/Documents/uni/SSP_project/build/CMakeFiles/CMakeTmp

Run Build Command(s):C:/PROGRA~2/MICROS~2/2019/BUILDT~1/Common7/IDE/COMMON~1/MICROS~1/CMake/Ninja/ninja.exe cmTC_2f197 && [1/2] Building CXX object CMakeFiles\cmTC_2f197.dir\testCXXCompiler.cxx.obj
[2/2] Linking CXX executable cmTC_2f197.exe



Detecting CXX compiler ABI info compiled with the following output:
Change Dir: C:/Users/yaros/Documents/uni/SSP_project/build/CMakeFiles/CMakeTmp

Run Build Command(s):C:/PROGRA~2/MICROS~2/2019/BUILDT~1/Common7/IDE/COMMON~1/MICROS~1/CMake/Ninja/ninja.exe cmTC_bc732 && [1/2] Building CXX object CMakeFiles\cmTC_bc732.dir\CMakeCXXCompilerABI.cpp.obj
[2/2] Linking CXX executable cmTC_bc732.exe



Determining if the include file sys/types.h exists passed with the following output:
Change Dir: C:/Users/yaros/Documents/uni/SSP_project/build/CMakeFiles/CMakeTmp

Run Build Command(s):C:/PROGRA~2/MICROS~2/2019/BUILDT~1/Common7/IDE/COMMON~1/MICROS~1/CMake/Ninja/ninja.exe cmTC_0f62c && [1/2] Building C object CMakeFiles\cmTC_0f62c.dir\CheckIncludeFile.c.obj
[2/2] Linking C executable cmTC_0f62c.exe



Determining if the include file stdint.h exists passed with the following output:
Change Dir: C:/Users/yaros/Documents/uni/SSP_project/build/CMakeFiles/CMakeTmp

Run Build Command(s):C:/PROGRA~2/MICROS~2/2019/BUILDT~1/Common7/IDE/COMMON~1/MICROS~1/CMake/Ninja/ninja.exe cmTC_9ea59 && [1/2] Building C object CMakeFiles\cmTC_9ea59.dir\CheckIncludeFile.c.obj
[2/2] Linking C executable cmTC_9ea59.exe



Determining if the include file stddef.h exists passed with the following output:
Change Dir: C:/Users/yaros/Documents/uni/SSP_project/build/CMakeFiles/CMakeTmp

Run Build Command(s):C:/PROGRA~2/MICROS~2/2019/BUILDT~1/Common7/IDE/COMMON~1/MICROS~1/CMake/Ninja/ninja.exe cmTC_44ad4 && [1/2] Building C object CMakeFiles\cmTC_44ad4.dir\CheckIncludeFile.c.obj
[2/2] Linking C executable cmTC_44ad4.exe



Determining size of void* passed with the following output:
Change Dir: C:/Users/yaros/Documents/uni/SSP_project/build/CMakeFiles/CMakeTmp

Run Build Command(s):C:/PROGRA~2/MICROS~2/2019/BUILDT~1/Common7/IDE/COMMON~1/MICROS~1/CMake/Ninja/ninja.exe cmTC_6f282 && [1/2] Building C object CMakeFiles\cmTC_6f282.dir\SIZEOF_VOID_PTR.c.obj
[2/2] Linking C executable cmTC_6f282.exe



